Processing ./020_center.ppm back = /isilon/users/target/target/PPPP/10.Zoo/BackImages/back-2004082221.ppm 
Number of found contours. Len =     5
A contour is being chosen from     5 contours
Acquired contour dimensions =     2
Processing /isilon/users/target/target/ZOO32XU/Log/200408/0000_CPS1273-06/019_center.ppm back = /isilon/users/target/target/PPPP/10.Zoo/BackImages/back-2004082221.ppm 
Number of found contours. Len =     5
A contour is being chosen from     5 contours
Acquired contour dimensions =     2
Processing /isilon/users/target/target/ZOO32XU/Log/200408/0000_CPS1273-06/002_center.ppm back = /isilon/users/target/target/PPPP/10.Zoo/BackImages/back-2004082221.ppm 
Number of found contours. Len =     3
A contour is being chosen from     3 contours
Acquired contour dimensions =     2
Processing /isilon/users/target/target/ZOO32XU/Log/200408/0000_CPS1273-06/003_center.ppm back = /isilon/users/target/target/PPPP/10.Zoo/BackImages/back-2004082221.ppm 
Number of found contours. Len =     1
Acquired contour dimensions =     2
Processing /isilon/users/target/target/ZOO32XU/Log/200408/0000_CPS1273-06/003_center.ppm back = /isilon/users/target/target/PPPP/10.Zoo/BackImages/back-2004082221.ppm 
Number of found contours. Len =     1
Acquired contour dimensions =     2
Processing /isilon/users/target/target/ZOO32XU/Log/200408/0000_CPS1273-06/004_center.ppm back = /isilon/users/target/target/PPPP/10.Zoo/BackImages/back-2004082221.ppm 
Number of found contours. Len =     1
Acquired contour dimensions =     2
Processing /isilon/users/target/target/ZOO32XU/Log/200408/0000_CPS1273-06/005_center.ppm back = /isilon/users/target/target/PPPP/10.Zoo/BackImages/back-2004082221.ppm 
Number of found contours. Len =     1
Acquired contour dimensions =     2
Processing /isilon/users/target/target/ZOO32XU/Log/200408/0000_CPS1273-06/006_area.ppm back = /isilon/users/target/target/PPPP/10.Zoo/BackImages/back-2004082221.ppm 
Number of found contours. Len =     4
A contour is being chosen from     4 contours
Acquired contour dimensions =     2
Processing /isilon/users/target/target/ZOO32XU/Log/200408/0000_CPS1273-06/007_area.ppm back = /isilon/users/target/target/PPPP/10.Zoo/BackImages/back-2004082221.ppm 
Number of found contours. Len =     3
A contour is being chosen from     3 contours
Acquired contour dimensions =     2
Processing /isilon/users/target/target/ZOO32XU/Log/200408/0000_CPS1273-06/008_area.ppm back = /isilon/users/target/target/PPPP/10.Zoo/BackImages/back-2004082221.ppm 
Number of found contours. Len =     2
A contour is being chosen from     2 contours
Acquired contour dimensions =     2
Processing /isilon/users/target/target/ZOO32XU/Log/200408/0000_CPS1273-06/009_center.ppm back = /isilon/users/target/target/PPPP/10.Zoo/BackImages/back-2004082221.ppm 
Number of found contours. Len =     1
Acquired contour dimensions =     2
Processing /isilon/users/target/target/ZOO32XU/Log/200408/0000_CPS1273-06/010_center.ppm back = /isilon/users/target/target/PPPP/10.Zoo/BackImages/back-2004082221.ppm 
Number of found contours. Len =     5
A contour is being chosen from     5 contours
Acquired contour dimensions =     2
Processing /isilon/users/target/target/ZOO32XU/Log/200408/0000_CPS1273-06/011_center.ppm back = /isilon/users/target/target/PPPP/10.Zoo/BackImages/back-2004082221.ppm 
Number of found contours. Len =     1
Acquired contour dimensions =     2
